<?xml version="1.0" encoding="UTF-8"?>
<!-- Generated by org.testng.reporters.JUnitXMLReporter -->
<testsuite hostname="SMBLR-PC0DZSF3" ignored="0" name="Tests on IE11" tests="15" failures="0" timestamp="2020-08-27T20:13:03 IST" time="0.339" errors="0">
  <testcase name="@BeforeClass setUp" time="0.109" classname="ExtentReport.ExtentReports.GoogleSearchTest">
    <failure type="java.lang.NoClassDefFoundError" message="com/google/common/collect/Lists">
      <![CDATA[java.lang.NoClassDefFoundError: com/google/common/collect/Lists
at org.openqa.selenium.chrome.ChromeOptions.<init>(ChromeOptions.java:80)
at base.SetupTestDriver.<init>(SetupTestDriver.java:29)
at ExtentReport.ExtentReports.GoogleSearchTest.setUp(GoogleSearchTest.java:17)
at java.util.ArrayList.forEach(Unknown Source)
at java.util.concurrent.FutureTask.run(Unknown Source)
at java.util.concurrent.ThreadPoolExecutor.runWorker(Unknown Source)
at java.util.concurrent.ThreadPoolExecutor$Worker.run(Unknown Source)
at java.lang.Thread.run(Unknown Source)
Caused by: java.lang.ClassNotFoundException: com.google.common.collect.Lists
at java.net.URLClassLoader.findClass(Unknown Source)
at java.lang.ClassLoader.loadClass(Unknown Source)
at sun.misc.Launcher$AppClassLoader.loadClass(Unknown Source)
at java.lang.ClassLoader.loadClass(Unknown Source)
... 24 more
... Removed 16 stack frames]]>
    </failure>
  </testcase> <!-- @BeforeClass setUp -->
  <testcase name="@AfterClass closeBrowser" time="0.001" classname="ExtentReport.ExtentReports.GoogleSearchTest">
    <failure type="java.lang.NullPointerException">
      <![CDATA[java.lang.NullPointerException
at ExtentReport.ExtentReports.GoogleSearchTest.closeBrowser(GoogleSearchTest.java:63)
at java.util.ArrayList.forEach(Unknown Source)
at java.util.concurrent.FutureTask.run(Unknown Source)
at java.util.concurrent.ThreadPoolExecutor.runWorker(Unknown Source)
at java.util.concurrent.ThreadPoolExecutor$Worker.run(Unknown Source)
at java.lang.Thread.run(Unknown Source)
... Removed 16 stack frames]]>
    </failure>
  </testcase> <!-- @AfterClass closeBrowser -->
  <testcase name="googleFeelingLuckyButtonTest" time="0.0" classname="ExtentReport.ExtentReports.GoogleSearchTest">
    <skipped/>
  </testcase> <!-- googleFeelingLuckyButtonTest -->
  <testcase name="googleSearchBox" time="0.0" classname="ExtentReport.ExtentReports.GoogleSearchTest">
    <skipped/>
  </testcase> <!-- googleSearchBox -->
  <testcase name="googleFeelingLuckyButtonTest" time="0.0" classname="ExtentReport.ExtentReports.GoogleSearchTest">
    <skipped/>
  </testcase> <!-- googleFeelingLuckyButtonTest -->
  <testcase name="googleSearchButtonTest" time="0.0" classname="ExtentReport.ExtentReports.GoogleSearchTest">
    <skipped/>
  </testcase> <!-- googleSearchButtonTest -->
  <testcase name="googleSearchBox" time="0.0" classname="ExtentReport.ExtentReports.GoogleSearchTest">
    <skipped/>
  </testcase> <!-- googleSearchBox -->
  <testcase name="googleTitleTest" time="0.0" classname="ExtentReport.ExtentReports.GoogleSearchTest">
    <skipped/>
  </testcase> <!-- googleTitleTest -->
  <testcase name="googleFeelingLuckyButtonTest" time="0.0" classname="ExtentReport.ExtentReports.GoogleSearchTest">
    <skipped/>
  </testcase> <!-- googleFeelingLuckyButtonTest -->
  <testcase name="googleUrlTest" time="0.0" classname="ExtentReport.ExtentReports.GoogleSearchTest">
    <skipped/>
  </testcase> <!-- googleUrlTest -->
  <testcase name="googleSearchBox" time="0.0" classname="ExtentReport.ExtentReports.GoogleSearchTest">
    <skipped/>
  </testcase> <!-- googleSearchBox -->
  <testcase name="googleSearchButtonTest" time="0.0" classname="ExtentReport.ExtentReports.GoogleSearchTest">
    <skipped/>
  </testcase> <!-- googleSearchButtonTest -->
  <testcase name="googleSearchButtonTest" time="0.0" classname="ExtentReport.ExtentReports.GoogleSearchTest">
    <skipped/>
  </testcase> <!-- googleSearchButtonTest -->
  <testcase name="googleTitleTest" time="0.0" classname="ExtentReport.ExtentReports.GoogleSearchTest">
    <skipped/>
  </testcase> <!-- googleTitleTest -->
  <testcase name="googleUrlTest" time="0.001" classname="ExtentReport.ExtentReports.GoogleSearchTest">
    <skipped/>
  </testcase> <!-- googleUrlTest -->
  <testcase name="googleTitleTest" time="0.0" classname="ExtentReport.ExtentReports.GoogleSearchTest">
    <skipped/>
  </testcase> <!-- googleTitleTest -->
  <testcase name="googleUrlTest" time="0.0" classname="ExtentReport.ExtentReports.GoogleSearchTest">
    <skipped/>
  </testcase> <!-- googleUrlTest -->
</testsuite> <!-- Tests on IE11 -->
